phone/build/outputs/logs/manifest-merger-debug-report.txt
-- Merging decision tree log ---
manifest
ADDED from src/main/AndroidManifest.xml:2:1-31:12
	package
		ADDED from src/main/AndroidManifest.xml:3:11-50
		INJECTED from src/main/AndroidManifest.xml
		INJECTED from src/main/AndroidManifest.xml
	android:versionName
		INJECTED from src/main/AndroidManifest.xml
		INJECTED from src/main/AndroidManifest.xml
	xmlns:android
		ADDED from src/main/AndroidManifest.xml:2:11-69
	android:versionCode
		INJECTED from src/main/AndroidManifest.xml
		INJECTED from src/main/AndroidManifest.xml
uses-permission#android.permission.ACCESS_WIFI_STATE
ADDED from src/main/AndroidManifest.xml:5:5-75
MERGED from [com.segway.robot:mobile-connectivity-sdk:0.5.18] AndroidManifest.xml:13:5-76
	android:name
		ADDED from src/main/AndroidManifest.xml:5:22-73
uses-permission#android.permission.CHANGE_WIFI_STATE
ADDED from src/main/AndroidManifest.xml:6:5-75
MERGED from [com.segway.robot:mobile-connectivity-sdk:0.5.18] AndroidManifest.xml:14:5-76
	android:name
		ADDED from src/main/AndroidManifest.xml:6:22-73
uses-permission#android.permission.READ_EXTERNAL_STORAGE
ADDED from src/main/AndroidManifest.xml:7:5-79
MERGED from [com.segway.robot:base-connectivity-sdk:0.5.18] AndroidManifest.xml:11:5-80
	android:name
		ADDED from src/main/AndroidManifest.xml:7:22-77
uses-permission#android.permission.WRITE_EXTERNAL_STORAGE
ADDED from src/main/AndroidManifest.xml:8:5-80
MERGED from [com.segway.robot:base-connectivity-sdk:0.5.18] AndroidManifest.xml:12:5-81
MERGED from [com.segway.robot:sdkbase:0.1.37] AndroidManifest.xml:11:5-81
	android:name
		ADDED from src/main/AndroidManifest.xml:8:22-78
application
ADDED from src/main/AndroidManifest.xml:10:5-29:19
	android:label
		ADDED from src/main/AndroidManifest.xml:13:9-41
	android:supportsRtl
		ADDED from src/main/AndroidManifest.xml:14:9-35
	android:allowBackup
		ADDED from src/main/AndroidManifest.xml:11:9-35
	android:icon
		ADDED from src/main/AndroidManifest.xml:12:9-43
	android:theme
		ADDED from src/main/AndroidManifest.xml:15:9-56
activity#com.segway.robot.mobilesample.MainActivity
ADDED from src/main/AndroidManifest.xml:16:9-24:20
	android:screenOrientation
		ADDED from src/main/AndroidManifest.xml:18:13-50
	android:name
		ADDED from src/main/AndroidManifest.xml:17:13-70
intent-filter#android.intent.action.MAIN+android.intent.category.LAUNCHER
ADDED from src/main/AndroidManifest.xml:20:13-23:29
action#android.intent.action.MAIN
ADDED from src/main/AndroidManifest.xml:21:17-68
	android:name
		ADDED from src/main/AndroidManifest.xml:21:25-66
category#android.intent.category.LAUNCHER
ADDED from src/main/AndroidManifest.xml:22:17-76
	android:name
		ADDED from src/main/AndroidManifest.xml:22:27-74
meta-data#packageTo1
ADDED from src/main/AndroidManifest.xml:26:9-28:70
	android:value
		ADDED from src/main/AndroidManifest.xml:28:13-57
	android:name
		ADDED from src/main/AndroidManifest.xml:27:13-38
uses-sdk
INJECTED from src/main/AndroidManifest.xml reason: use-sdk injection requested
MERGED from [com.segway.robot:mobile-connectivity-sdk:0.5.18] AndroidManifest.xml:7:5-9:41
MERGED from [com.segway.robot:base-connectivity-sdk:0.5.18] AndroidManifest.xml:7:5-9:41
MERGED from [com.segway.robot:sdkbase:0.1.37] AndroidManifest.xml:7:5-9:41
	android:targetSdkVersion
		INJECTED from src/main/AndroidManifest.xml
		INJECTED from src/main/AndroidManifest.xml
	android:minSdkVersion
		INJECTED from src/main/AndroidManifest.xml
		INJECTED from src/main/AndroidManifest.xml
uses-permission#android.permission.INTERNET
ADDED from [com.segway.robot:mobile-connectivity-sdk:0.5.18] AndroidManifest.xml:11:5-67
	android:name
		ADDED from [com.segway.robot:mobile-connectivity-sdk:0.5.18] AndroidManifest.xml:11:22-64
uses-permission#android.permission.ACCESS_NETWORK_STATE
ADDED from [com.segway.robot:mobile-connectivity-sdk:0.5.18] AndroidManifest.xml:12:5-79
	android:name
		ADDED from [com.segway.robot:mobile-connectivity-sdk:0.5.18] AndroidManifest.xml:12:22-76